<?xml version="1.0" encoding="UTF-8"?>
<!-- Generated by org.testng.reporters.JUnitXMLReporter -->
<testsuite ignored="0" hostname="DESKTOP-7F44H94" failures="0" tests="3" name="Default test" time="27.1" errors="0" timestamp="19 Nov 2023 03:02:12 GMT">
  <testcase classname="com.testngframework.E_Cart_Product_Selection_JsonData" name="SubmitOrder" time="8.01"/>
  <testcase classname="com.testngframework.E_Cart_Product_Selection_JsonData" name="SubmitOrder" time="8.133"/>
  <testcase classname="com.testngframework.E_Cart_Product_Selection_JsonData" name="orderHistoryTest" time="0.697"/>
</testsuite> <!-- Default test -->
