<?xml version="1.0" encoding="UTF-8"?>
<!-- Generated by org.testng.reporters.JUnitXMLReporter -->
<testsuite ignored="0" hostname="DESKTOP-7F44H94" failures="0" tests="3" name="Product_Selection_JsonData" time="22.179" errors="0" timestamp="20 Nov 2023 11:48:13 GMT">
  <testcase classname="com.testngframework.E_Cart_Product_Selection_JsonData" name="SubmitOrder" time="7.592"/>
  <testcase classname="com.testngframework.E_Cart_Product_Selection_JsonData" name="SubmitOrder" time="7.525"/>
  <testcase classname="com.testngframework.E_Cart_Product_Selection_JsonData" name="orderHistoryTest" time="0.519"/>
</testsuite> <!-- Product_Selection_JsonData -->
