<?xml version="1.0" encoding="UTF-8"?>
<!-- Generated by org.testng.reporters.JUnitXMLReporter -->
<testsuite ignored="0" hostname="DESKTOP-7F44H94" failures="0" tests="3" name="ProdouctPurchase" time="29.45" errors="0" timestamp="30 Dec 2023 06:00:19 GMT">
  <testcase classname="com.testngframework.E_Cart_Product_Selection_JsonData" name="SubmitOrder" time="8.02"/>
  <testcase classname="com.testngframework.E_Cart_Product_Selection_JsonData" name="SubmitOrder" time="9.178"/>
  <testcase classname="com.testngframework.E_Cart_Product_Selection_JsonData" name="orderHistoryTest" time="0.676"/>
</testsuite> <!-- ProdouctPurchase -->
