<?xml version="1.0" encoding="UTF-8"?>
<!-- Generated by org.testng.reporters.JUnitXMLReporter -->
<testsuite ignored="0" hostname="DESKTOP-7F44H94" failures="1" tests="3" name="Product_selection Test" time="22.076" errors="0" timestamp="19 Nov 2023 03:10:46 GMT">
  <testcase classname="com.testngframework.E_Cart_Product_Selection" name="SubmitOrder" time="7.958"/>
  <testcase classname="com.testngframework.E_Cart_Product_Selection" name="SubmitOrder" time="7.031">
    <failure type="java.lang.AssertionError" message="expected [true] but found [false]">
      <![CDATA[java.lang.AssertionError: expected [true] but found [false]
at com.testngframework.E_Cart_Product_Selection.SubmitOrder(E_Cart_Product_Selection.java:45)
... Removed 29 stack frames]]>
    </failure>
  </testcase> <!-- SubmitOrder -->
  <testcase classname="com.testngframework.E_Cart_Product_Selection" name="orderHistoryTest" time="0.0">
    <skipped/>
  </testcase> <!-- orderHistoryTest -->
</testsuite> <!-- Product_selection Test -->
